INFO:root:Установлено количество бочонков: 10
INFO:root:Вы вытащили бочонок №7
INFO:root:Были вытащены бочонки с номерами: 7
INFO:root:Вы вытащили бочонок №3
INFO:root:Были вытащены бочонки с номерами: 7, 3
INFO:root:Вы вытащили бочонок №5
INFO:root:Были вытащены бочонки с номерами: 7, 3, 5
INFO:root:Вы вытащили бочонок №1
INFO:root:Были вытащены бочонки с номерами: 7, 3, 5, 1
INFO:root:Вы вытащили бочонок №6
INFO:root:Были вытащены бочонки с номерами: 7, 3, 5, 1, 6
INFO:root:Вы вытащили бочонок №2
INFO:root:Были вытащены бочонки с номерами: 7, 3, 5, 1, 6, 2
INFO:root:Вы вытащили бочонок №9
INFO:root:Были вытащены бочонки с номерами: 7, 3, 5, 1, 6, 2, 9
INFO:root:Вы вытащили бочонок №8
INFO:root:Были вытащены бочонки с номерами: 7, 3, 5, 1, 6, 2, 9, 8
INFO:root:Вы вытащили бочонок №10
INFO:root:Были вытащены бочонки с номерами: 7, 3, 5, 1, 6, 2, 9, 8, 10
INFO:root:Вы вытащили бочонок №4
INFO:root:Были вытащены бочонки с номерами: 7, 3, 5, 1, 6, 2, 9, 8, 10, 4
INFO:root:Все бочонки вытащены.
ERROR:root:Ошибка при вводе количества бочонков.
ERROR:root:Ошибка при вводе количества бочонков.
INFO:root:Установлено количество бочонков: 15
INFO:root:Вы вытащили бочонок №14
INFO:root:Были вытащены бочонки с номерами: 14
INFO:root:Вы вытащили бочонок №7
INFO:root:Были вытащены бочонки с номерами: 14, 7
INFO:root:Вы вытащили бочонок №9
INFO:root:Были вытащены бочонки с номерами: 14, 7, 9
INFO:root:Вы вытащили бочонок №15
INFO:root:Были вытащены бочонки с номерами: 14, 7, 9, 15
INFO:root:Вы вытащили бочонок №1
INFO:root:Были вытащены бочонки с номерами: 14, 7, 9, 15, 1
INFO:root:Вы вытащили бочонок №13
INFO:root:Были вытащены бочонки с номерами: 14, 7, 9, 15, 1, 13
INFO:root:Вы вытащили бочонок №2
INFO:root:Были вытащены бочонки с номерами: 14, 7, 9, 15, 1, 13, 2
INFO:root:Вы вытащили бочонок №6
INFO:root:Были вытащены бочонки с номерами: 14, 7, 9, 15, 1, 13, 2, 6
INFO:root:Вы вытащили бочонок №3
INFO:root:Были вытащены бочонки с номерами: 14, 7, 9, 15, 1, 13, 2, 6, 3
INFO:root:Вы вытащили бочонок №8
INFO:root:Были вытащены бочонки с номерами: 14, 7, 9, 15, 1, 13, 2, 6, 3, 8
INFO:root:Вы вытащили бочонок №11
INFO:root:Были вытащены бочонки с номерами: 14, 7, 9, 15, 1, 13, 2, 6, 3, 8, 11
INFO:root:Вы вытащили бочонок №5
INFO:root:Были вытащены бочонки с номерами: 14, 7, 9, 15, 1, 13, 2, 6, 3, 8, 11, 5
INFO:root:Вы вытащили бочонок №12
INFO:root:Были вытащены бочонки с номерами: 14, 7, 9, 15, 1, 13, 2, 6, 3, 8, 11, 5, 12
INFO:root:Вы вытащили бочонок №4
INFO:root:Были вытащены бочонки с номерами: 14, 7, 9, 15, 1, 13, 2, 6, 3, 8, 11, 5, 12, 4
INFO:root:Вы вытащили бочонок №10
INFO:root:Были вытащены бочонки с номерами: 14, 7, 9, 15, 1, 13, 2, 6, 3, 8, 11, 5, 12, 4, 10
INFO:root:Все бочонки вытащены.
